This file contains any messages produced by compilers while
running configure, to aid debugging if configure makes a mistake.

It was created by Image Recognition configure 1.0, which was
generated by GNU Autoconf 2.71.  Invocation command line was

  $ ./configure

## --------- ##
## Platform. ##
## --------- ##

hostname = dell007
uname -m = x86_64
uname -r = 6.8.0-40-generic
uname -s = Linux
uname -v = #40~22.04.3-Ubuntu SMP PREEMPT_DYNAMIC Tue Jul 30 17:30:19 UTC 2

/usr/bin/uname -p = x86_64
/bin/uname -X     = unknown

/bin/arch              = x86_64
/usr/bin/arch -k       = unknown
/usr/convex/getsysinfo = unknown
/usr/bin/hostinfo      = unknown
/bin/machine           = unknown
/usr/bin/oslevel       = unknown
/bin/universe          = unknown

PATH: /usr/local/go/bin/
PATH: /home/peterglen/.cargo/bin/
PATH: /home/peterglen/pgbin/
PATH: /home/peterglen/.cargo/bin/
PATH: /home/peterglen/.local/bin/
PATH: /usr/local/sbin/
PATH: /usr/local/bin/
PATH: /usr/sbin/
PATH: /usr/bin/
PATH: /sbin/
PATH: /bin/
PATH: /usr/games/
PATH: /usr/local/games/
PATH: /snap/bin/


## ----------- ##
## Core tests. ##
## ----------- ##

configure:2305: looking for aux files: compile missing install-sh
configure:2318:  trying ./
configure:2347:   ./compile found
configure:2347:   ./missing found
configure:2329:   ./install-sh found
configure:2479: checking for a BSD-compatible install
configure:2552: result: /usr/bin/install -c
configure:2563: checking whether build environment is sane
configure:2618: result: yes
configure:2777: checking for a race-free mkdir -p
configure:2821: result: /usr/bin/mkdir -p
configure:2828: checking for gawk
configure:2849: found /usr/bin/gawk
configure:2860: result: gawk
configure:2871: checking whether make sets $(MAKE)
configure:2894: result: yes
configure:2924: checking whether make supports nested variables
configure:2942: result: yes
configure:3145: checking for gcc
configure:3166: found /usr/bin/gcc
configure:3177: result: gcc
configure:3530: checking for C compiler version
configure:3539: gcc --version >&5
gcc (Ubuntu 11.4.0-1ubuntu1~22.04) 11.4.0
Copyright (C) 2021 Free Software Foundation, Inc.
This is free software; see the source for copying conditions.  There is NO
warranty; not even for MERCHANTABILITY or FITNESS FOR A PARTICULAR PURPOSE.

configure:3550: $? = 0
configure:3539: gcc -v >&5
Using built-in specs.
COLLECT_GCC=gcc
COLLECT_LTO_WRAPPER=/usr/lib/gcc/x86_64-linux-gnu/11/lto-wrapper
OFFLOAD_TARGET_NAMES=nvptx-none:amdgcn-amdhsa
OFFLOAD_TARGET_DEFAULT=1
Target: x86_64-linux-gnu
Configured with: ../src/configure -v --with-pkgversion='Ubuntu 11.4.0-1ubuntu1~22.04' --with-bugurl=file:///usr/share/doc/gcc-11/README.Bugs --enable-languages=c,ada,c++,go,brig,d,fortran,objc,obj-c++,m2 --prefix=/usr --with-gcc-major-version-only --program-suffix=-11 --program-prefix=x86_64-linux-gnu- --enable-shared --enable-linker-build-id --libexecdir=/usr/lib --without-included-gettext --enable-threads=posix --libdir=/usr/lib --enable-nls --enable-bootstrap --enable-clocale=gnu --enable-libstdcxx-debug --enable-libstdcxx-time=yes --with-default-libstdcxx-abi=new --enable-gnu-unique-object --disable-vtable-verify --enable-plugin --enable-default-pie --with-system-zlib --enable-libphobos-checking=release --with-target-system-zlib=auto --enable-objc-gc=auto --enable-multiarch --disable-werror --enable-cet --with-arch-32=i686 --with-abi=m64 --with-multilib-list=m32,m64,mx32 --enable-multilib --with-tune=generic --enable-offload-targets=nvptx-none=/build/gcc-11-XeT9lY/gcc-11-11.4.0/debian/tmp-nvptx/usr,amdgcn-amdhsa=/build/gcc-11-XeT9lY/gcc-11-11.4.0/debian/tmp-gcn/usr --without-cuda-driver --enable-checking=release --build=x86_64-linux-gnu --host=x86_64-linux-gnu --target=x86_64-linux-gnu --with-build-config=bootstrap-lto-lean --enable-link-serialization=2
Thread model: posix
Supported LTO compression algorithms: zlib zstd
gcc version 11.4.0 (Ubuntu 11.4.0-1ubuntu1~22.04) 
... rest of stderr output deleted ...
configure:3550: $? = 0
configure:3539: gcc -V >&5
gcc: error: unrecognized command-line option '-V'
gcc: fatal error: no input files
compilation terminated.
configure:3550: $? = 1
configure:3539: gcc -qversion >&5
gcc: error: unrecognized command-line option '-qversion'; did you mean '--version'?
gcc: fatal error: no input files
compilation terminated.
configure:3550: $? = 1
configure:3539: gcc -version >&5
gcc: error: unrecognized command-line option '-version'
gcc: fatal error: no input files
compilation terminated.
configure:3550: $? = 1
configure:3570: checking whether the C compiler works
configure:3592: gcc    conftest.c  >&5
configure:3596: $? = 0
configure:3646: result: yes
configure:3649: checking for C compiler default output file name
configure:3651: result: a.out
configure:3657: checking for suffix of executables
configure:3664: gcc -o conftest    conftest.c  >&5
configure:3668: $? = 0
configure:3691: result: 
configure:3713: checking whether we are cross compiling
configure:3721: gcc -o conftest    conftest.c  >&5
configure:3725: $? = 0
configure:3732: ./conftest
configure:3736: $? = 0
configure:3751: result: no
configure:3756: checking for suffix of object files
configure:3779: gcc -c   conftest.c >&5
configure:3783: $? = 0
configure:3805: result: o
configure:3809: checking whether the compiler supports GNU C
configure:3829: gcc -c   conftest.c >&5
configure:3829: $? = 0
configure:3839: result: yes
configure:3850: checking whether gcc accepts -g
configure:3871: gcc -c -g  conftest.c >&5
configure:3871: $? = 0
configure:3915: result: yes
configure:3935: checking for gcc option to enable C11 features
configure:3950: gcc  -c -g -O2  conftest.c >&5
configure:3950: $? = 0
configure:3968: result: none needed
configure:4084: checking whether gcc understands -c and -o together
configure:4107: gcc -c conftest.c -o conftest2.o
configure:4110: $? = 0
configure:4107: gcc -c conftest.c -o conftest2.o
configure:4110: $? = 0
configure:4122: result: yes
configure:4142: checking whether make supports the include directive
configure:4157: make -f confmf.GNU && cat confinc.out
this is the am__doit target
configure:4160: $? = 0
configure:4179: result: yes (GNU style)
configure:4205: checking dependency style of gcc
configure:4317: result: none
configure:4332: checking whether make sets $(MAKE)
configure:4355: result: yes
configure:4429: checking for a Python interpreter with version >= 3.10
configure:4447: python -c import sys # split strings by '.' and convert to numeric. Append some zeros # because we need at least 4 digits for the hex conversion. # map returns an iterator in Python 3.0 and a list in 2.x minver = list(map(int, '3.10'.split('.'))) + [0, 0, 0] minverhex = 0 # xrange is not present in Python 3.0 and range returns an iterator for i in list(range(0, 4)): minverhex = (minverhex << 8) + minver[i] sys.exit(sys.hexversion < minverhex)
configure:4450: $? = 0
configure:4457: result: python
configure:4465: checking for python
configure:4488: found /usr/bin/python
configure:4500: result: /usr/bin/python
configure:4517: checking for python version
configure:4525: result: 3.10
configure:4530: checking for python platform
configure:4538: result: linux
configure:4599: checking for GNU default python prefix
configure:4601: result: ${prefix}
configure:4667: checking for GNU default python exec_prefix
configure:4669: result: ${exec_prefix}
configure:4700: checking for python script directory (pythondir)
configure:4742: result: ${PYTHON_PREFIX}/lib/python3.10/site-packages
configure:4750: checking for python extension module directory (pyexecdir)
configure:4792: result: ${PYTHON_EXEC_PREFIX}/lib/python3.10/site-packages
configure:4803: result: Python Version is 3.10
configure:4810: checking for stdio.h
configure:4810: gcc -c -g -O2  conftest.c >&5
configure:4810: $? = 0
configure:4810: result: yes
configure:4810: checking for stdlib.h
configure:4810: gcc -c -g -O2  conftest.c >&5
configure:4810: $? = 0
configure:4810: result: yes
configure:4810: checking for string.h
configure:4810: gcc -c -g -O2  conftest.c >&5
configure:4810: $? = 0
configure:4810: result: yes
configure:4810: checking for inttypes.h
configure:4810: gcc -c -g -O2  conftest.c >&5
configure:4810: $? = 0
configure:4810: result: yes
configure:4810: checking for stdint.h
configure:4810: gcc -c -g -O2  conftest.c >&5
configure:4810: $? = 0
configure:4810: result: yes
configure:4810: checking for strings.h
configure:4810: gcc -c -g -O2  conftest.c >&5
configure:4810: $? = 0
configure:4810: result: yes
configure:4810: checking for sys/stat.h
configure:4810: gcc -c -g -O2  conftest.c >&5
configure:4810: $? = 0
configure:4810: result: yes
configure:4810: checking for sys/types.h
configure:4810: gcc -c -g -O2  conftest.c >&5
configure:4810: $? = 0
configure:4810: result: yes
configure:4810: checking for unistd.h
configure:4810: gcc -c -g -O2  conftest.c >&5
configure:4810: $? = 0
configure:4810: result: yes
configure:4838: checking for /usr/include/python3.10/Python.h
configure:4838: gcc -c -g -O2  conftest.c >&5
configure:4838: $? = 0
configure:4838: result: yes
configure:4931: checking for pkg-config
configure:4954: found /usr/bin/pkg-config
configure:4966: result: /usr/bin/pkg-config
configure:4991: checking pkg-config is at least version 0.16
configure:4994: result: yes
configure:5007: checking for GTK+ - version >= 3.0.0
configure:5115: gcc -o conftest -g -O2 -pthread -I/usr/include/gtk-3.0 -I/usr/include/at-spi2-atk/2.0 -I/usr/include/at-spi-2.0 -I/usr/include/dbus-1.0 -I/usr/lib/x86_64-linux-gnu/dbus-1.0/include -I/usr/include/gtk-3.0 -I/usr/include/gio-unix-2.0 -I/usr/include/cairo -I/usr/include/pango-1.0 -I/usr/include/harfbuzz -I/usr/include/pango-1.0 -I/usr/include/fribidi -I/usr/include/harfbuzz -I/usr/include/atk-1.0 -I/usr/include/cairo -I/usr/include/pixman-1 -I/usr/include/uuid -I/usr/include/freetype2 -I/usr/include/gdk-pixbuf-2.0 -I/usr/include/libpng16 -I/usr/include/x86_64-linux-gnu -I/usr/include/libmount -I/usr/include/blkid -I/usr/include/glib-2.0 -I/usr/lib/x86_64-linux-gnu/glib-2.0/include   conftest.c -lgtk-3 -lgdk-3 -lpangocairo-1.0 -lpango-1.0 -lharfbuzz -latk-1.0 -lcairo-gobject -lcairo -lgdk_pixbuf-2.0 -lgio-2.0 -lgobject-2.0 -lglib-2.0  >&5
configure:5115: $? = 0
configure:5115: ./conftest
configure:5115: $? = 0
configure:5130: result: yes (version 3.24.33)
configure:5261: checking for pkg-config
configure:5296: result: /usr/bin/pkg-config
configure:5321: checking pkg-config is at least version 0.16
configure:5324: result: yes
configure:5341: checking for PyGOBJ - version >= 3.0
configure:5368: result: no
configure:5478: checking that generated files are newer than configure
configure:5484: result: done
configure:5507: creating ./config.status

## ---------------------- ##
## Running config.status. ##
## ---------------------- ##

This file was extended by Image Recognition config.status 1.0, which was
generated by GNU Autoconf 2.71.  Invocation command line was

  CONFIG_FILES    = 
  CONFIG_HEADERS  = 
  CONFIG_LINKS    = 
  CONFIG_COMMANDS = 
  $ ./config.status 

on dell007

config.status:868: creating Makefile
config.status:868: creating pyimgrec/Makefile
config.status:868: creating config.h
config.status:1049: config.h is unchanged
config.status:1097: executing depfiles commands

## ---------------- ##
## Cache variables. ##
## ---------------- ##

ac_cv_c_compiler_gnu=yes
ac_cv_env_CC_set=
ac_cv_env_CC_value=
ac_cv_env_CFLAGS_set=
ac_cv_env_CFLAGS_value=
ac_cv_env_CPPFLAGS_set=
ac_cv_env_CPPFLAGS_value=
ac_cv_env_LDFLAGS_set=
ac_cv_env_LDFLAGS_value=
ac_cv_env_LIBS_set=
ac_cv_env_LIBS_value=
ac_cv_env_PKG_CONFIG_LIBDIR_set=
ac_cv_env_PKG_CONFIG_LIBDIR_value=
ac_cv_env_PKG_CONFIG_PATH_set=
ac_cv_env_PKG_CONFIG_PATH_value=
ac_cv_env_PKG_CONFIG_set=
ac_cv_env_PKG_CONFIG_value=
ac_cv_env_PYTHON_set=
ac_cv_env_PYTHON_value=
ac_cv_env_build_alias_set=
ac_cv_env_build_alias_value=
ac_cv_env_host_alias_set=
ac_cv_env_host_alias_value=
ac_cv_env_target_alias_set=
ac_cv_env_target_alias_value=
ac_cv_header__usr_include_python3_10_Python_h=yes
ac_cv_header_inttypes_h=yes
ac_cv_header_stdint_h=yes
ac_cv_header_stdio_h=yes
ac_cv_header_stdlib_h=yes
ac_cv_header_string_h=yes
ac_cv_header_strings_h=yes
ac_cv_header_sys_stat_h=yes
ac_cv_header_sys_types_h=yes
ac_cv_header_unistd_h=yes
ac_cv_objext=o
ac_cv_path_PYTHON=/usr/bin/python
ac_cv_path_ac_pt_PKG_CONFIG=/usr/bin/pkg-config
ac_cv_path_install='/usr/bin/install -c'
ac_cv_path_mkdir=/usr/bin/mkdir
ac_cv_prog_AWK=gawk
ac_cv_prog_ac_ct_CC=gcc
ac_cv_prog_cc_c11=
ac_cv_prog_cc_g=yes
ac_cv_prog_cc_stdc=
ac_cv_prog_make_make_set=yes
am_cv_CC_dependencies_compiler_type=none
am_cv_make_support_nested_variables=yes
am_cv_pathless_PYTHON=python
am_cv_prog_cc_c_o=yes
am_cv_python_platform=linux
am_cv_python_pyexecdir='${PYTHON_EXEC_PREFIX}/lib/python3.10/site-packages'
am_cv_python_pythondir='${PYTHON_PREFIX}/lib/python3.10/site-packages'
am_cv_python_version=3.10

## ----------------- ##
## Output variables. ##
## ----------------- ##

ACLOCAL='${SHELL} '\''/home/peterglen/pgpygtk/pyimgrec/missing'\'' aclocal-1.16'
AMDEPBACKSLASH='\'
AMDEP_FALSE='#'
AMDEP_TRUE=''
AMTAR='$${TAR-tar}'
AM_BACKSLASH='\'
AM_DEFAULT_V='$(AM_DEFAULT_VERBOSITY)'
AM_DEFAULT_VERBOSITY='1'
AM_V='$(V)'
AUTOCONF='${SHELL} '\''/home/peterglen/pgpygtk/pyimgrec/missing'\'' autoconf'
AUTOHEADER='${SHELL} '\''/home/peterglen/pgpygtk/pyimgrec/missing'\'' autoheader'
AUTOMAKE='${SHELL} '\''/home/peterglen/pgpygtk/pyimgrec/missing'\'' automake-1.16'
AWK='gawk'
CC='gcc'
CCDEPMODE='depmode=none'
CFLAGS='-g -O2'
CPPFLAGS=''
CSCOPE='cscope'
CTAGS='ctags'
CYGPATH_W='echo'
DEFS='-DHAVE_CONFIG_H'
DEPDIR='.deps'
ECHO_C=''
ECHO_N='-n'
ECHO_T=''
ETAGS='etags'
EXEEXT=''
GTK_CFLAGS='-pthread -I/usr/include/gtk-3.0 -I/usr/include/at-spi2-atk/2.0 -I/usr/include/at-spi-2.0 -I/usr/include/dbus-1.0 -I/usr/lib/x86_64-linux-gnu/dbus-1.0/include -I/usr/include/gtk-3.0 -I/usr/include/gio-unix-2.0 -I/usr/include/cairo -I/usr/include/pango-1.0 -I/usr/include/harfbuzz -I/usr/include/pango-1.0 -I/usr/include/fribidi -I/usr/include/harfbuzz -I/usr/include/atk-1.0 -I/usr/include/cairo -I/usr/include/pixman-1 -I/usr/include/uuid -I/usr/include/freetype2 -I/usr/include/gdk-pixbuf-2.0 -I/usr/include/libpng16 -I/usr/include/x86_64-linux-gnu -I/usr/include/libmount -I/usr/include/blkid -I/usr/include/glib-2.0 -I/usr/lib/x86_64-linux-gnu/glib-2.0/include'
GTK_LIBS='-lgtk-3 -lgdk-3 -lpangocairo-1.0 -lpango-1.0 -lharfbuzz -latk-1.0 -lcairo-gobject -lcairo -lgdk_pixbuf-2.0 -lgio-2.0 -lgobject-2.0 -lglib-2.0'
INSTALL_DATA='${INSTALL} -m 644'
INSTALL_PROGRAM='${INSTALL}'
INSTALL_SCRIPT='${INSTALL}'
INSTALL_STRIP_PROGRAM='$(install_sh) -c -s'
LDFLAGS=''
LIBOBJS=''
LIBS=''
LTLIBOBJS=''
MAKEINFO='${SHELL} '\''/home/peterglen/pgpygtk/pyimgrec/missing'\'' makeinfo'
MKDIR_P='/usr/bin/mkdir -p'
OBJEXT='o'
PACKAGE='image-recognition'
PACKAGE_BUGREPORT='peterglen99@gmail.com'
PACKAGE_NAME='Image Recognition'
PACKAGE_STRING='Image Recognition 1.0'
PACKAGE_TARNAME='image-recognition'
PACKAGE_URL=''
PACKAGE_VERSION='1.0'
PATH_SEPARATOR=':'
PKG_CONFIG='/usr/bin/pkg-config'
PKG_CONFIG_LIBDIR=''
PKG_CONFIG_PATH=''
PYGOBJ_CFLAGS=''
PYGOBJ_LIBS=''
PYTHON='/usr/bin/python'
PYTHON_EXEC_PREFIX='${exec_prefix}'
PYTHON_PLATFORM='linux'
PYTHON_PREFIX='${prefix}'
PYTHON_VERSION='3.10'
SET_MAKE=''
SHELL='/bin/bash'
STRIP=''
VERSION='1.0'
ac_ct_CC='gcc'
am__EXEEXT_FALSE=''
am__EXEEXT_TRUE='#'
am__fastdepCC_FALSE=''
am__fastdepCC_TRUE='#'
am__include='include'
am__isrc=''
am__leading_dot='.'
am__nodep='_no'
am__quote=''
am__tar='$${TAR-tar} chof - "$$tardir"'
am__untar='$${TAR-tar} xf -'
bindir='${exec_prefix}/bin'
build_alias=''
datadir='${datarootdir}'
datarootdir='${prefix}/share'
docdir='${datarootdir}/doc/${PACKAGE_TARNAME}'
dvidir='${docdir}'
exec_prefix='${prefix}'
host_alias=''
htmldir='${docdir}'
includedir='${prefix}/include'
infodir='${datarootdir}/info'
install_sh='${SHELL} /home/peterglen/pgpygtk/pyimgrec/install-sh'
libdir='${exec_prefix}/lib'
libexecdir='${exec_prefix}/libexec'
localedir='${datarootdir}/locale'
localstatedir='${prefix}/var'
mandir='${datarootdir}/man'
mkdir_p='$(MKDIR_P)'
oldincludedir='/usr/include'
pdfdir='${docdir}'
pkgpyexecdir='${pyexecdir}/image-recognition'
pkgpythondir='${pythondir}/image-recognition'
prefix='/usr/local'
program_transform_name='s,x,x,'
psdir='${docdir}'
pyexecdir='${PYTHON_EXEC_PREFIX}/lib/python3.10/site-packages'
pythondir='${PYTHON_PREFIX}/lib/python3.10/site-packages'
runstatedir='${localstatedir}/run'
sbindir='${exec_prefix}/sbin'
sharedstatedir='${prefix}/com'
sysconfdir='${prefix}/etc'
target_alias=''

## ----------- ##
## confdefs.h. ##
## ----------- ##

/* confdefs.h */
#define PACKAGE_NAME "Image Recognition"
#define PACKAGE_TARNAME "image-recognition"
#define PACKAGE_VERSION "1.0"
#define PACKAGE_STRING "Image Recognition 1.0"
#define PACKAGE_BUGREPORT "peterglen99@gmail.com"
#define PACKAGE_URL ""
#define PACKAGE "image-recognition"
#define VERSION "1.0"
#define HAVE_STDIO_H 1
#define HAVE_STDLIB_H 1
#define HAVE_STRING_H 1
#define HAVE_INTTYPES_H 1
#define HAVE_STDINT_H 1
#define HAVE_STRINGS_H 1
#define HAVE_SYS_STAT_H 1
#define HAVE_SYS_TYPES_H 1
#define HAVE_UNISTD_H 1
#define STDC_HEADERS 1
#define HAVE__USR_INCLUDE_PYTHON3_10_PYTHON_H 1

configure: exit 0

## ---------------------- ##
## Running config.status. ##
## ---------------------- ##

This file was extended by Image Recognition config.status 1.0, which was
generated by GNU Autoconf 2.71.  Invocation command line was

  CONFIG_FILES    = 
  CONFIG_HEADERS  = 
  CONFIG_LINKS    = 
  CONFIG_COMMANDS = 
  $ ./config.status Makefile

on dell007

config.status:868: creating Makefile
